mode: set
github.com/colinjlacy/golang-mocking-imports/create/create_file.go:14.50,16.16 2 1
github.com/colinjlacy/golang-mocking-imports/create/create_file.go:16.16,18.3 1 1
github.com/colinjlacy/golang-mocking-imports/create/create_file.go:19.2,19.51 1 1
github.com/colinjlacy/golang-mocking-imports/create/create_file.go:19.51,21.3 1 1
github.com/colinjlacy/golang-mocking-imports/create/create_file.go:22.2,24.16 3 1
github.com/colinjlacy/golang-mocking-imports/create/create_file.go:24.16,26.3 1 1
github.com/colinjlacy/golang-mocking-imports/create/create_file.go:27.2,28.12 2 1
